<?xml version="1.0" encoding="UTF-8"?>
<!-- Generated by org.testng.reporters.JUnitReportReporter -->
<testsuite hostname="DESKTOP-QR52NJ9" failures="0" tests="5" name="api.test.Usertest" time="10.085" errors="0" timestamp="2024-11-23T12:11:20 IST" skipped="0">
  <testcase classname="api.test.Usertest" name="setup" time="0.608"/>
  <testcase classname="api.test.Usertest" name="testPostUser" time="2.577"/>
  <testcase classname="api.test.Usertest" name="testGetUser" time="1.168"/>
  <testcase classname="api.test.Usertest" name="testUpdateuser" time="4.098"/>
  <testcase classname="api.test.Usertest" name="testDeleteUser" time="1.634"/>
</testsuite> <!-- api.test.Usertest -->
