<?xml version="1.0" encoding="UTF-8"?>
<!-- Generated by org.testng.reporters.JUnitReportReporter -->
<testsuite hostname="DESKTOP-QR52NJ9" failures="0" tests="6" name="api.test.DDTests" time="33.909" errors="0" timestamp="2024-11-23T12:12:19 IST" skipped="0">
  <testcase classname="api.test.DDTests" name="testPostUser" time="8.293"/>
  <testcase classname="api.test.DDTests" name="testPostUser" time="6.144"/>
  <testcase classname="api.test.DDTests" name="testPostUser" time="10.830"/>
  <testcase classname="api.test.DDTests" name="testDeleteUser" time="4.278"/>
  <testcase classname="api.test.DDTests" name="testDeleteUser" time="1.593"/>
  <testcase classname="api.test.DDTests" name="testDeleteUser" time="2.771"/>
</testsuite> <!-- api.test.DDTests -->
