<?xml version="1.0" encoding="UTF-8"?>
<!-- Generated by org.testng.reporters.JUnitReportReporter -->
<testsuite hostname="DESKTOP-QR52NJ9" failures="0" tests="5" name="api.test.Usertestusingproperties" time="7.674" errors="0" timestamp="2024-11-23T19:44:29 IST" skipped="0">
  <testcase classname="api.test.Usertestusingproperties" name="setup" time="0.682"/>
  <testcase classname="api.test.Usertestusingproperties" name="testPostUser" time="2.600"/>
  <testcase classname="api.test.Usertestusingproperties" name="testGetUser" time="1.125"/>
  <testcase classname="api.test.Usertestusingproperties" name="testUpdateuser" time="2.181"/>
  <testcase classname="api.test.Usertestusingproperties" name="testDeleteUser" time="1.086"/>
</testsuite> <!-- api.test.Usertestusingproperties -->
