<?xml version="1.0" encoding="UTF-8"?>
<!-- Generated by org.testng.reporters.JUnitReportReporter -->
<testsuite hostname="DESKTOP-QR52NJ9" failures="0" tests="5" name="api.test.Usertestusingproperties" time="12.358" errors="0" timestamp="2024-11-23T22:10:39 IST" skipped="0">
  <testcase classname="api.test.Usertestusingproperties" name="setup" time="1.394"/>
  <testcase classname="api.test.Usertestusingproperties" name="testPostUser" time="5.992"/>
  <testcase classname="api.test.Usertestusingproperties" name="testGetUser" time="1.346"/>
  <testcase classname="api.test.Usertestusingproperties" name="testUpdateuser" time="2.500"/>
  <testcase classname="api.test.Usertestusingproperties" name="testDeleteUser" time="1.126"/>
</testsuite> <!-- api.test.Usertestusingproperties -->
